c:\users\max\documents\github\dash\engine\engine\debug\vc120.pdb
c:\users\max\documents\github\dash\engine\engine\debug\vc120.idb
c:\users\max\documents\github\dash\engine\engine\debug\inputclass.obj
c:\users\max\documents\github\dash\engine\engine\debug\cameraclass.obj
c:\users\max\documents\github\dash\engine\engine\debug\colorshaderclass.obj
c:\users\max\documents\github\dash\engine\engine\debug\d3dclass.obj
c:\users\max\documents\github\dash\engine\engine\debug\graphicsclass.obj
c:\users\max\documents\github\dash\engine\engine\debug\main.obj
c:\users\max\documents\github\dash\engine\engine\debug\modelclass.obj
c:\users\max\documents\github\dash\engine\engine\debug\systemclass.obj
c:\users\max\documents\github\dash\engine\engine\debug\textureclass.obj
c:\users\max\documents\github\dash\engine\engine\debug\textureshaderclass.obj
c:\users\max\documents\github\dash\engine\debug\engine.ilk
c:\users\max\documents\github\dash\engine\debug\engine.exe
c:\users\max\documents\github\dash\engine\debug\engine.pdb
c:\users\max\documents\github\dash\engine\engine\debug\engine.tlog\cl.command.1.tlog
c:\users\max\documents\github\dash\engine\engine\debug\engine.tlog\cl.read.1.tlog
c:\users\max\documents\github\dash\engine\engine\debug\engine.tlog\cl.write.1.tlog
c:\users\max\documents\github\dash\engine\engine\debug\engine.tlog\link.command.1.tlog
c:\users\max\documents\github\dash\engine\engine\debug\engine.tlog\link.read.1.tlog
c:\users\max\documents\github\dash\engine\engine\debug\engine.tlog\link.write.1.tlog
