Build started 8/12/2014 2:38:15 AM.
     1>Project "C:\Users\Max\Documents\GitHub\Dash\Engine\Engine\Engine.vcxproj" on node 2 (Build target(s)).
     1>InitializeBuildStatus:
         Touching "Debug\Engine.tlog\unsuccessfulbuild".
       ClCompile:
         All outputs are up-to-date.
       Link:
         C:\Program Files (x86)\Microsoft Visual Studio 12.0\VC\bin\link.exe /ERRORREPORT:PROMPT /OUT:"C:\Users\Max\Documents\GitHub\Dash\Engine\Debug\Engine.exe" /INCREMENTAL /NOLOGO kernel32.lib user32.lib gdi32.lib winspool.lib comdlg32.lib advapi32.lib shell32.lib ole32.lib oleaut32.lib uuid.lib odbc32.lib odbccp32.lib /MANIFEST /MANIFESTUAC:"level='asInvoker' uiAccess='false'" /manifest:embed /DEBUG /PDB:"C:\Users\Max\Documents\GitHub\Dash\Engine\Debug\Engine.pdb" /SUBSYSTEM:WINDOWS /TLBID:1 /DYNAMICBASE /NXCOMPAT /IMPLIB:"C:\Users\Max\Documents\GitHub\Dash\Engine\Debug\Engine.lib" /MACHINE:X86 Debug\cameraclass.obj
         Debug\colorshaderclass.obj
         Debug\d3dclass.obj
         Debug\graphicsclass.obj
         Debug\inputclass.obj
         Debug\main.obj
         Debug\modelclass.obj
         Debug\systemclass.obj
         Debug\textureclass.obj
         Debug\textureshaderclass.obj
         Engine.vcxproj -> C:\Users\Max\Documents\GitHub\Dash\Engine\Debug\Engine.exe
       FinalizeBuildStatus:
         Deleting file "Debug\Engine.tlog\unsuccessfulbuild".
         Touching "Debug\Engine.tlog\Engine.lastbuildstate".
     1>Done Building Project "C:\Users\Max\Documents\GitHub\Dash\Engine\Engine\Engine.vcxproj" (Build target(s)).

Build succeeded.

Time Elapsed 00:00:00.36
